<?xml version="1.0" encoding="UTF-8"?>
<!-- Generated by org.testng.reporters.JUnitXMLReporter -->
<testsuite ignored="0" hostname="HP" failures="0" tests="4" name="Test" time="7.085" errors="0" timestamp="2022-08-20T23:48:27 IST">
  <testcase classname="IncludeExclude.gruops" name="verifyUrlOfPge" time="0.07"/>
  <testcase classname="IncludeExclude.gruops" name="verifyingUpperIconTopOffer" time="0.095"/>
  <testcase classname="IncludeExclude.gruops" name="verifyingTitleOfPage" time="0.106"/>
  <testcase classname="IncludeExclude.gruops" name="verifyingUpperIconGlosary" time="0.197"/>
</testsuite> <!-- Test -->
