<?xml version="1.0" encoding="UTF-8"?>
<!-- Generated by org.testng.reporters.JUnitXMLReporter -->
<testsuite ignored="0" hostname="HP" failures="0" tests="4" name="Default test" time="12.078" errors="0" timestamp="2022-08-21T14:41:25 IST">
  <testcase classname="IncludeExclude.gruops" name="verifyUrlOfPge" time="0.037"/>
  <testcase classname="IncludeExclude.gruops" name="verifyingTitleOfPage" time="0.068"/>
  <testcase classname="IncludeExclude.gruops" name="verifyingUpperIconGlosary" time="0.157"/>
  <testcase classname="IncludeExclude.gruops" name="verifyingUpperIconTopOffer" time="0.057"/>
</testsuite> <!-- Default test -->
